0 info it worked if it ends with ok
1 verbose cli [ 'node', '/usr/local/bin/npm', 'install' ]
2 info using npm@1.4.28
3 info using node@v0.10.35
4 verbose readDependencies using package.json deps
5 verbose install where, deps [ '/Users/robertlyons/supersonicGistofit',
5 verbose install   [ 'grunt-steroids' ] ]
6 info preinstall mySteroidsProject@0.0.1
7 verbose readDependencies using package.json deps
8 verbose already installed skipping grunt-steroids@0.x /Users/robertlyons/supersonicGistofit
9 silly resolved []
10 info build /Users/robertlyons/supersonicGistofit
11 verbose linkStuff [ false, false, false, '/Users/robertlyons' ]
12 info linkStuff mySteroidsProject@0.0.1
13 verbose linkBins mySteroidsProject@0.0.1
14 verbose linkMans mySteroidsProject@0.0.1
15 verbose rebuildBundles mySteroidsProject@0.0.1
16 verbose rebuildBundles [ 'grunt',
16 verbose rebuildBundles   'grunt-contrib-clean',
16 verbose rebuildBundles   'grunt-contrib-coffee',
16 verbose rebuildBundles   'grunt-contrib-concat',
16 verbose rebuildBundles   'grunt-contrib-copy',
16 verbose rebuildBundles   'grunt-contrib-sass',
16 verbose rebuildBundles   'grunt-extend-config',
16 verbose rebuildBundles   'grunt-steroids' ]
17 verbose rebuild bundle /Users/robertlyons/supersonicGistofit/node_modules/grunt
18 info build /Users/robertlyons/supersonicGistofit/node_modules/grunt
19 info preinstall grunt@0.4.5
20 verbose linkStuff [ false,
20 verbose linkStuff   false,
20 verbose linkStuff   false,
20 verbose linkStuff   '/Users/robertlyons/supersonicGistofit/node_modules' ]
21 info linkStuff grunt@0.4.5
22 verbose linkBins grunt@0.4.5
23 verbose linkMans grunt@0.4.5
24 verbose rebuildBundles grunt@0.4.5
25 verbose rebuildBundles [ '.bin',
25 verbose rebuildBundles   'async',
25 verbose rebuildBundles   'coffee-script',
25 verbose rebuildBundles   'colors',
25 verbose rebuildBundles   'dateformat',
25 verbose rebuildBundles   'eventemitter2',
25 verbose rebuildBundles   'exit',
25 verbose rebuildBundles   'findup-sync',
25 verbose rebuildBundles   'getobject',
25 verbose rebuildBundles   'glob',
25 verbose rebuildBundles   'grunt-legacy-log',
25 verbose rebuildBundles   'grunt-legacy-util',
25 verbose rebuildBundles   'hooker',
25 verbose rebuildBundles   'iconv-lite',
25 verbose rebuildBundles   'js-yaml',
25 verbose rebuildBundles   'lodash',
25 verbose rebuildBundles   'minimatch',
25 verbose rebuildBundles   'nopt',
25 verbose rebuildBundles   'rimraf',
25 verbose rebuildBundles   'underscore.string',
25 verbose rebuildBundles   'which' ]
26 info install grunt@0.4.5
27 info postinstall grunt@0.4.5
28 verbose rebuild bundle /Users/robertlyons/supersonicGistofit/node_modules/grunt-contrib-clean
29 info build /Users/robertlyons/supersonicGistofit/node_modules/grunt-contrib-clean
30 info preinstall grunt-contrib-clean@0.6.0
31 verbose linkStuff [ false,
31 verbose linkStuff   false,
31 verbose linkStuff   false,
31 verbose linkStuff   '/Users/robertlyons/supersonicGistofit/node_modules' ]
32 info linkStuff grunt-contrib-clean@0.6.0
33 verbose linkBins grunt-contrib-clean@0.6.0
34 verbose linkMans grunt-contrib-clean@0.6.0
35 verbose rebuildBundles grunt-contrib-clean@0.6.0
36 verbose rebuildBundles [ '.bin', 'rimraf' ]
37 info install grunt-contrib-clean@0.6.0
38 info postinstall grunt-contrib-clean@0.6.0
39 verbose rebuild bundle /Users/robertlyons/supersonicGistofit/node_modules/grunt-contrib-coffee
40 info build /Users/robertlyons/supersonicGistofit/node_modules/grunt-contrib-coffee
41 info preinstall grunt-contrib-coffee@0.12.0
42 verbose linkStuff [ false,
42 verbose linkStuff   false,
42 verbose linkStuff   false,
42 verbose linkStuff   '/Users/robertlyons/supersonicGistofit/node_modules' ]
43 info linkStuff grunt-contrib-coffee@0.12.0
44 verbose linkBins grunt-contrib-coffee@0.12.0
45 verbose linkMans grunt-contrib-coffee@0.12.0
46 verbose rebuildBundles grunt-contrib-coffee@0.12.0
47 verbose rebuildBundles [ '.bin', 'chalk', 'coffee-script', 'lodash', 'uri-path' ]
48 info install grunt-contrib-coffee@0.12.0
49 info postinstall grunt-contrib-coffee@0.12.0
50 verbose rebuild bundle /Users/robertlyons/supersonicGistofit/node_modules/grunt-contrib-concat
51 info build /Users/robertlyons/supersonicGistofit/node_modules/grunt-contrib-concat
52 info preinstall grunt-contrib-concat@0.5.0
53 verbose linkStuff [ false,
53 verbose linkStuff   false,
53 verbose linkStuff   false,
53 verbose linkStuff   '/Users/robertlyons/supersonicGistofit/node_modules' ]
54 info linkStuff grunt-contrib-concat@0.5.0
55 verbose linkBins grunt-contrib-concat@0.5.0
56 verbose linkMans grunt-contrib-concat@0.5.0
57 verbose rebuildBundles grunt-contrib-concat@0.5.0
58 verbose rebuildBundles [ 'chalk', 'source-map' ]
59 info install grunt-contrib-concat@0.5.0
60 info postinstall grunt-contrib-concat@0.5.0
61 verbose rebuild bundle /Users/robertlyons/supersonicGistofit/node_modules/grunt-contrib-copy
62 info build /Users/robertlyons/supersonicGistofit/node_modules/grunt-contrib-copy
63 info preinstall grunt-contrib-copy@0.7.0
64 verbose linkStuff [ false,
64 verbose linkStuff   false,
64 verbose linkStuff   false,
64 verbose linkStuff   '/Users/robertlyons/supersonicGistofit/node_modules' ]
65 info linkStuff grunt-contrib-copy@0.7.0
66 verbose linkBins grunt-contrib-copy@0.7.0
67 verbose linkMans grunt-contrib-copy@0.7.0
68 verbose rebuildBundles grunt-contrib-copy@0.7.0
69 verbose rebuildBundles [ 'chalk' ]
70 info install grunt-contrib-copy@0.7.0
71 info postinstall grunt-contrib-copy@0.7.0
72 verbose rebuild bundle /Users/robertlyons/supersonicGistofit/node_modules/grunt-contrib-sass
73 info build /Users/robertlyons/supersonicGistofit/node_modules/grunt-contrib-sass
74 info preinstall grunt-contrib-sass@0.8.1
75 verbose linkStuff [ false,
75 verbose linkStuff   false,
75 verbose linkStuff   false,
75 verbose linkStuff   '/Users/robertlyons/supersonicGistofit/node_modules' ]
76 info linkStuff grunt-contrib-sass@0.8.1
77 verbose linkBins grunt-contrib-sass@0.8.1
78 verbose linkMans grunt-contrib-sass@0.8.1
79 verbose rebuildBundles grunt-contrib-sass@0.8.1
80 verbose rebuildBundles [ '.bin', 'async', 'chalk', 'dargs', 'which', 'win-spawn' ]
81 info install grunt-contrib-sass@0.8.1
82 info postinstall grunt-contrib-sass@0.8.1
83 verbose rebuild bundle /Users/robertlyons/supersonicGistofit/node_modules/grunt-extend-config
84 info build /Users/robertlyons/supersonicGistofit/node_modules/grunt-extend-config
85 info preinstall grunt-extend-config@0.9.2
86 verbose linkStuff [ false,
86 verbose linkStuff   false,
86 verbose linkStuff   false,
86 verbose linkStuff   '/Users/robertlyons/supersonicGistofit/node_modules' ]
87 info linkStuff grunt-extend-config@0.9.2
88 verbose linkBins grunt-extend-config@0.9.2
89 verbose linkMans grunt-extend-config@0.9.2
90 verbose rebuildBundles grunt-extend-config@0.9.2
91 info install grunt-extend-config@0.9.2
92 info postinstall grunt-extend-config@0.9.2
93 info install mySteroidsProject@0.0.1
94 info postinstall mySteroidsProject@0.0.1
95 info prepublish mySteroidsProject@0.0.1
96 error peerinvalid The package grunt-contrib-clean does not satisfy its siblings' peerDependencies requirements!
96 error peerinvalid Peer grunt-steroids@0.2.3 wants grunt-contrib-clean@0.5.0
97 error System Darwin 14.0.0
98 error command "node" "/usr/local/bin/npm" "install"
99 error cwd /Users/robertlyons/supersonicGistofit
100 error node -v v0.10.35
101 error npm -v 1.4.28
102 error code EPEERINVALID
103 verbose exit [ 1, true ]
